{
  "RSpec": {
    "coverage": {
      "/Users/aishwaryasivakumar/Desktop/FALL22/ESaaS/my_app/app/controllers/dishes_controller.rb": {
        "lines": [
          1,
          1,
          2,
          2,
          1,
          null,
          1,
          null,
          null,
          null,
          1,
          2,
          1,
          null,
          null,
          1,
          null,
          null,
          1,
          null,
          1,
          2,
          null,
          null
        ]
      },
      "/Users/aishwaryasivakumar/Desktop/FALL22/ESaaS/my_app/app/controllers/application_controller.rb": {
        "lines": [
          1,
          1,
          1,
          null,
          1,
          22,
          null,
          null
        ]
      },
      "/Users/aishwaryasivakumar/Desktop/FALL22/ESaaS/my_app/spec/controllers/user_spec.rb": {
        "lines": [
          1,
          1,
          1,
          null,
          1,
          1,
          1,
          1,
          1,
          2,
          null,
          null,
          1,
          1,
          null,
          null,
          null,
          null,
          null
        ]
      },
      "/Users/aishwaryasivakumar/Desktop/FALL22/ESaaS/my_app/app/controllers/users_controller.rb": {
        "lines": [
          1,
          1,
          2,
          2,
          1,
          1,
          1,
          null,
          1,
          null,
          null,
          null,
          1,
          1,
          1,
          null,
          null,
          1,
          null,
          1,
          2,
          null,
          null
        ]
      },
      "/Users/aishwaryasivakumar/Desktop/FALL22/ESaaS/my_app/spec/mailers/user_spec.rb": {
        "lines": [
          1,
          null,
          1,
          null,
          null
        ]
      },
      "/Users/aishwaryasivakumar/Desktop/FALL22/ESaaS/my_app/app/mailers/user_mailer.rb": {
        "lines": [
          1,
          1,
          null,
          1,
          1,
          1,
          null,
          null,
          1,
          0,
          0,
          0,
          0,
          0,
          0,
          0,
          0,
          null,
          null,
          1,
          0,
          0,
          0,
          0,
          0,
          0,
          null,
          null
        ]
      },
      "/Users/aishwaryasivakumar/Desktop/FALL22/ESaaS/my_app/app/mailers/application_mailer.rb": {
        "lines": [
          1,
          1,
          1,
          null,
          null
        ]
      },
      "/Users/aishwaryasivakumar/Desktop/FALL22/ESaaS/my_app/spec/models/dish_spec.rb": {
        "lines": [
          1,
          1,
          1,
          null,
          1,
          2,
          2,
          2,
          2,
          2,
          2,
          2,
          null
        ]
      },
      "/Users/aishwaryasivakumar/Desktop/FALL22/ESaaS/my_app/app/models/dish.rb": {
        "lines": [
          1,
          null,
          1,
          1,
          1,
          1,
          1,
          1,
          null
        ]
      },
      "/Users/aishwaryasivakumar/Desktop/FALL22/ESaaS/my_app/app/models/application_record.rb": {
        "lines": [
          1,
          1,
          null
        ]
      },
      "/Users/aishwaryasivakumar/Desktop/FALL22/ESaaS/my_app/spec/models/user_spec.rb": {
        "lines": [
          1,
          1,
          1,
          null,
          1,
          2,
          2,
          2,
          2,
          2,
          2,
          null
        ]
      },
      "/Users/aishwaryasivakumar/Desktop/FALL22/ESaaS/my_app/app/models/user.rb": {
        "lines": [
          1,
          1,
          null,
          2,
          null,
          1,
          1,
          1,
          1,
          1,
          1,
          1,
          null
        ]
      },
      "/Users/aishwaryasivakumar/Desktop/FALL22/ESaaS/my_app/spec/requests/dish_spec.rb": {
        "lines": [
          1,
          1,
          1,
          null,
          1,
          1,
          1,
          1,
          1,
          null,
          null,
          1,
          1,
          1,
          1,
          1,
          1,
          1,
          1,
          null,
          null,
          null
        ]
      },
      "/Users/aishwaryasivakumar/Desktop/FALL22/ESaaS/my_app/spec/requests/user_spec.rb": {
        "lines": [
          1,
          1,
          1,
          null,
          1,
          null,
          1,
          1,
          1,
          1,
          1,
          1,
          null,
          1,
          1,
          null,
          1,
          1,
          null,
          1,
          1,
          null,
          null,
          1,
          1,
          1,
          null,
          null,
          null,
          1,
          1,
          1,
          1,
          null,
          null,
          null,
          1,
          1,
          1,
          1,
          null,
          null,
          null
        ]
      },
      "/Users/aishwaryasivakumar/Desktop/FALL22/ESaaS/my_app/spec/views/home/index.html.erb_spec.rb": {
        "lines": [
          1,
          null,
          1,
          null,
          null,
          null
        ]
      },
      "/Users/aishwaryasivakumar/Desktop/FALL22/ESaaS/my_app/app/controllers/sessions_controller.rb": {
        "lines": [
          1,
          1,
          3,
          3,
          2,
          2,
          null,
          1,
          1,
          null,
          null,
          null,
          1,
          1,
          1,
          null,
          null
        ]
      },
      "/Users/aishwaryasivakumar/Desktop/FALL22/ESaaS/my_app/app/controllers/home_controller.rb": {
        "lines": [
          1,
          1,
          2,
          null,
          2,
          2,
          null,
          2,
          1,
          null,
          1,
          null,
          null,
          2,
          1,
          null,
          1,
          null,
          null,
          2,
          1,
          null,
          1,
          null,
          null,
          2,
          1,
          null,
          1,
          null,
          null,
          2,
          2,
          2,
          null,
          null,
          null,
          1,
          1,
          null,
          null,
          1,
          0,
          0,
          null,
          0,
          null,
          0,
          null,
          0,
          0,
          null,
          0,
          null,
          null,
          0,
          null,
          null
        ]
      }
    },
    "timestamp": 1668622699
  }
}
